
*********************
Testing isGameOver() method
*********************

Test Passed, Game 1 was just initialized, it shouldn't be over. 
Test Passed, Game 2 was just initialized, it shouldn't be over. 
Test Passed, Game 1 has no more provinces. 
Test Failed, Game 1 has an invalid number of provinces. 
Test Passed, Game 2 has three piles depleted. 
Test Passed, Game 2 has three piles depleted. 
Test Failed, Game 2 One of the piles that was depleted isn't in play. 

File 'dominion.c'
Lines executed:21.38% of 566
Branches executed:19.70% of 396
Taken at least once:16.67% of 396
Calls executed:10.64% of 94
dominion.c:creating 'dominion.c.gcov'

        -:    0:Source:dominion.c
        -:    0:Graph:dominion.gcno
        -:    0:Data:dominion.gcda
        -:    0:Runs:3
        -:    0:Programs:3
        -:    1:#include "dominion.h"
        -:    2:#include "dominion_helpers.h"
        -:    3:#include "rngs.h"
        -:    4:#include <stdio.h>
        -:    5:#include <math.h>
        -:    6:#include <stdlib.h>
        -:    7:
function compare called 190 returned 100% blocks executed 83%
      190:    8:int compare(const void* a, const void* b) {
      190:    9:  if (*(int*)a > *(int*)b)
branch  0 taken 0% (fallthrough)
branch  1 taken 100%
    #####:   10:    return 1;
      190:   11:  if (*(int*)a < *(int*)b)
branch  0 taken 27% (fallthrough)
branch  1 taken 73%
       52:   12:    return -1;
      138:   13:  return 0;
        -:   14:}
        -:   15:
function newGame called 0 returned 0% blocks executed 0%
    #####:   16:struct gameState* newGame() {
    #####:   17:  struct gameState* g = malloc(sizeof(struct gameState));
    #####:   18:  return g;
        -:   19:}
        -:   20:
function kingdomCards called 0 returned 0% blocks executed 0%
    #####:   21:int* kingdomCards(int k1, int k2, int k3, int k4, int k5, int k6, int k7,
        -:   22:		  int k8, int k9, int k10) {
    #####:   23:  int* k = malloc(10 * sizeof(int));
    #####:   24:  k[0] = k1;
    #####:   25:  k[1] = k2;
    #####:   26:  k[2] = k3;
    #####:   27:  k[3] = k4;
    #####:   28:  k[4] = k5;
    #####:   29:  k[5] = k6;
    #####:   30:  k[6] = k7;
    #####:   31:  k[7] = k8;
    #####:   32:  k[8] = k9;
    #####:   33:  k[9] = k10;
    #####:   34:  return k;
        -:   35:}
        -:   36:
function initializeGame called 6 returned 100% blocks executed 83%
        6:   37:int initializeGame(int numPlayers, int kingdomCards[10], int randomSeed,
        -:   38:		   struct gameState *state) {
        -:   39:
        -:   40:  int i;
        -:   41:  int j;
        -:   42:  int it;			
        -:   43:  //set up random number generator
        6:   44:  SelectStream(1);
call    0 returned 100%
        6:   45:  PutSeed((long)randomSeed);
call    0 returned 100%
        -:   46:  
        -:   47:  //check number of players
        6:   48:  if (numPlayers > MAX_PLAYERS || numPlayers < 2)
branch  0 taken 100% (fallthrough)
branch  1 taken 0%
branch  2 taken 0% (fallthrough)
branch  3 taken 100%
        -:   49:    {
    #####:   50:      return -1;
        -:   51:    }
        -:   52:
        -:   53:  //set number of players
        6:   54:  state->numPlayers = numPlayers;
        -:   55:
        -:   56:  //check selected kingdom cards are different
       66:   57:  for (i = 0; i < 10; i++)
branch  0 taken 91%
branch  1 taken 9% (fallthrough)
        -:   58:    {
      660:   59:      for (j = 0; j < 10; j++)
branch  0 taken 91%
branch  1 taken 9% (fallthrough)
        -:   60:        {
      600:   61:	  if (j != i && kingdomCards[j] == kingdomCards[i])
branch  0 taken 90% (fallthrough)
branch  1 taken 10%
branch  2 taken 0% (fallthrough)
branch  3 taken 100%
        -:   62:	    {
    #####:   63:	      return -1;
        -:   64:	    }
        -:   65:        }
        -:   66:    }
        -:   67:
        -:   68:
        -:   69:  //initialize supply
        -:   70:  ///////////////////////////////
        -:   71:
        -:   72:  //set number of Curse cards
        6:   73:  if (numPlayers == 2)
branch  0 taken 100% (fallthrough)
branch  1 taken 0%
        -:   74:    {
        6:   75:      state->supplyCount[curse] = 10;
        -:   76:    }
    #####:   77:  else if (numPlayers == 3)
branch  0 never executed
branch  1 never executed
        -:   78:    {
    #####:   79:      state->supplyCount[curse] = 20;
        -:   80:    }
        -:   81:  else
        -:   82:    {
    #####:   83:      state->supplyCount[curse] = 30;
        -:   84:    }
        -:   85:
        -:   86:  //set number of Victory cards
        6:   87:  if (numPlayers == 2)
branch  0 taken 100% (fallthrough)
branch  1 taken 0%
        -:   88:    {
        6:   89:      state->supplyCount[estate] = 8;
        6:   90:      state->supplyCount[duchy] = 8;
        6:   91:      state->supplyCount[province] = 8;
        -:   92:    }
        -:   93:  else
        -:   94:    {
    #####:   95:      state->supplyCount[estate] = 12;
    #####:   96:      state->supplyCount[duchy] = 12;
    #####:   97:      state->supplyCount[province] = 12;
        -:   98:    }
        -:   99:
        -:  100:  //set number of Treasure cards
        6:  101:  state->supplyCount[copper] = 60 - (7 * numPlayers);
        6:  102:  state->supplyCount[silver] = 40;
        6:  103:  state->supplyCount[gold] = 30;
        -:  104:
        -:  105:  //set number of Kingdom cards
      126:  106:  for (i = adventurer; i <= treasure_map; i++)       	//loop all cards
branch  0 taken 95%
branch  1 taken 5% (fallthrough)
        -:  107:    {
      990:  108:      for (j = 0; j < 10; j++)           		//loop chosen cards
branch  0 taken 94%
branch  1 taken 6% (fallthrough)
        -:  109:	{
      930:  110:	  if (kingdomCards[j] == i)
branch  0 taken 6% (fallthrough)
branch  1 taken 94%
        -:  111:	    {
        -:  112:	      //check if card is a 'Victory' Kingdom card
       60:  113:	      if (kingdomCards[j] == great_hall || kingdomCards[j] == gardens)
branch  0 taken 100% (fallthrough)
branch  1 taken 0%
branch  2 taken 0% (fallthrough)
branch  3 taken 100%
        -:  114:		{
    #####:  115:		  if (numPlayers == 2){ 
branch  0 never executed
branch  1 never executed
    #####:  116:		    state->supplyCount[i] = 8; 
        -:  117:		  }
    #####:  118:		  else{ state->supplyCount[i] = 12; }
        -:  119:		}
        -:  120:	      else
        -:  121:		{
       60:  122:		  state->supplyCount[i] = 10;
        -:  123:		}
       60:  124:	      break;
        -:  125:	    }
        -:  126:	  else    //card is not in the set choosen for the game
        -:  127:	    {
      870:  128:	      state->supplyCount[i] = -1;
        -:  129:	    }
        -:  130:	}
        -:  131:
        -:  132:    }
        -:  133:
        -:  134:  ////////////////////////
        -:  135:  //supply intilization complete
        -:  136:
        -:  137:  //set player decks
       18:  138:  for (i = 0; i < numPlayers; i++)
branch  0 taken 67%
branch  1 taken 33% (fallthrough)
        -:  139:    {
       12:  140:      state->deckCount[i] = 0;
       48:  141:      for (j = 0; j < 3; j++)
branch  0 taken 75%
branch  1 taken 25% (fallthrough)
        -:  142:	{
       36:  143:	  state->deck[i][j] = estate;
       36:  144:	  state->deckCount[i]++;
        -:  145:	}
       96:  146:      for (j = 3; j < 10; j++)
branch  0 taken 88%
branch  1 taken 13% (fallthrough)
        -:  147:	{
       84:  148:	  state->deck[i][j] = copper;
       84:  149:	  state->deckCount[i]++;		
        -:  150:	}
        -:  151:    }
        -:  152:
        -:  153:  //shuffle player decks
       18:  154:  for (i = 0; i < numPlayers; i++)
branch  0 taken 67%
branch  1 taken 33% (fallthrough)
        -:  155:    {
       12:  156:      if ( shuffle(i, state) < 0 )
call    0 returned 100%
branch  1 taken 0% (fallthrough)
branch  2 taken 100%
        -:  157:	{
    #####:  158:	  return -1;
        -:  159:	}
        -:  160:    }
        -:  161:
        -:  162:  //draw player hands
       18:  163:  for (i = 0; i < numPlayers; i++)
branch  0 taken 67%
branch  1 taken 33% (fallthrough)
        -:  164:    {  
        -:  165:      //initialize hand size to zero
       12:  166:      state->handCount[i] = 0;
       12:  167:      state->discardCount[i] = 0;
        -:  168:      //draw 5 cards
        -:  169:      // for (j = 0; j < 5; j++)
        -:  170:      //	{
        -:  171:      //	  drawCard(i, state);
        -:  172:      //	}
        -:  173:    }
        -:  174:  
        -:  175:  //set embargo tokens to 0 for all supply piles
      168:  176:  for (i = 0; i <= treasure_map; i++)
branch  0 taken 96%
branch  1 taken 4% (fallthrough)
        -:  177:    {
      162:  178:      state->embargoTokens[i] = 0;
        -:  179:    }
        -:  180:
        -:  181:  //initialize first player's turn
        6:  182:  state->outpostPlayed = 0;
        6:  183:  state->phase = 0;
        6:  184:  state->numActions = 1;
        6:  185:  state->numBuys = 1;
        6:  186:  state->playedCardCount = 0;
        6:  187:  state->whoseTurn = 0;
        6:  188:  state->handCount[state->whoseTurn] = 0;
        -:  189:  //int it; move to top
        -:  190:
        -:  191:  //Moved draw cards to here, only drawing at the start of a turn
       36:  192:  for (it = 0; it < 5; it++){
branch  0 taken 83%
branch  1 taken 17% (fallthrough)
       30:  193:    drawCard(state->whoseTurn, state);
call    0 returned 100%
        -:  194:  }
        -:  195:
        6:  196:  updateCoins(state->whoseTurn, state, 0);
call    0 returned 100%
        -:  197:
        6:  198:  return 0;
        -:  199:}
        -:  200:
function shuffle called 15 returned 100% blocks executed 100%
       15:  201:int shuffle(int player, struct gameState *state) {
        -:  202: 
        -:  203:
        -:  204:  int newDeck[MAX_DECK];
       15:  205:  int newDeckPos = 0;
        -:  206:  int card;
        -:  207:  int i;
        -:  208:
       15:  209:  if (state->deckCount[player] < 1)
branch  0 taken 7% (fallthrough)
branch  1 taken 93%
        1:  210:    return -1;
       14:  211:  qsort ((void*)(state->deck[player]), state->deckCount[player], sizeof(int), compare); 
call    0 returned 100%
        -:  212:  /* SORT CARDS IN DECK TO ENSURE DETERMINISM! */
        -:  213:
      158:  214:  while (state->deckCount[player] > 0) {
branch  0 taken 90%
branch  1 taken 10% (fallthrough)
      130:  215:    card = floor(Random() * state->deckCount[player]);
call    0 returned 100%
      130:  216:    newDeck[newDeckPos] = state->deck[player][card];
      130:  217:    newDeckPos++;
      501:  218:    for (i = card; i < state->deckCount[player]-1; i++) {
branch  0 taken 74%
branch  1 taken 26% (fallthrough)
      371:  219:      state->deck[player][i] = state->deck[player][i+1];
        -:  220:    }
      130:  221:    state->deckCount[player]--;
        -:  222:  }
      144:  223:  for (i = 0; i < newDeckPos; i++) {
branch  0 taken 90%
branch  1 taken 10% (fallthrough)
      130:  224:    state->deck[player][i] = newDeck[i];
      130:  225:    state->deckCount[player]++;
        -:  226:  }
        -:  227:
       14:  228:  return 0;
        -:  229:}
        -:  230:
function playCard called 0 returned 0% blocks executed 0%
    #####:  231:int playCard(int handPos, int choice1, int choice2, int choice3, struct gameState *state) 
        -:  232:{	
        -:  233:  int card;
    #####:  234:  int coin_bonus = 0; 		//tracks coins gain from actions
        -:  235:
        -:  236:  //check if it is the right phase
    #####:  237:  if (state->phase != 0)
branch  0 never executed
branch  1 never executed
        -:  238:    {
    #####:  239:      return -1;
        -:  240:    }
        -:  241:	
        -:  242:  //check if player has enough actions
    #####:  243:  if ( state->numActions < 1 )
branch  0 never executed
branch  1 never executed
        -:  244:    {
    #####:  245:      return -1;
        -:  246:    }
        -:  247:	
        -:  248:  //get card played
    #####:  249:  card = handCard(handPos, state);
call    0 never executed
        -:  250:	
        -:  251:  //check if selected card is an action
    #####:  252:  if ( card < adventurer || card > treasure_map )
branch  0 never executed
branch  1 never executed
branch  2 never executed
branch  3 never executed
        -:  253:    {
    #####:  254:      return -1;
        -:  255:    }
        -:  256:	
        -:  257:  //play card
    #####:  258:  if ( cardEffect(card, choice1, choice2, choice3, state, handPos, &coin_bonus) < 0 )
call    0 never executed
branch  1 never executed
branch  2 never executed
        -:  259:    {
    #####:  260:      return -1;
        -:  261:    }
        -:  262:	
        -:  263:  //reduce number of actions
    #####:  264:  state->numActions--;
        -:  265:
        -:  266:  //update coins (Treasure cards may be added with card draws)
    #####:  267:  updateCoins(state->whoseTurn, state, coin_bonus);
call    0 never executed
        -:  268:	
    #####:  269:  return 0;
        -:  270:}
        -:  271:
function buyCard called 0 returned 0% blocks executed 0%
    #####:  272:int buyCard(int supplyPos, struct gameState *state) {
        -:  273:  int who;
    #####:  274:  if (DEBUG){
        -:  275:    printf("Entering buyCard...\n");
        -:  276:  }
        -:  277:
        -:  278:  // I don't know what to do about the phase thing.
        -:  279:
    #####:  280:  who = state->whoseTurn;
        -:  281:
    #####:  282:  if (state->numBuys < 1){
branch  0 never executed
branch  1 never executed
    #####:  283:    if (DEBUG)
        -:  284:      printf("You do not have any buys left\n");
    #####:  285:    return -1;
    #####:  286:  } else if (supplyCount(supplyPos, state) <1){
call    0 never executed
branch  1 never executed
branch  2 never executed
    #####:  287:    if (DEBUG)
        -:  288:      printf("There are not any of that type of card left\n");
    #####:  289:    return -1;
    #####:  290:  } else if (state->coins < getCost(supplyPos)){
call    0 never executed
branch  1 never executed
branch  2 never executed
    #####:  291:    if (DEBUG) 
        -:  292:      printf("You do not have enough money to buy that. You have %d coins.\n", state->coins);
    #####:  293:    return -1;
        -:  294:  } else {
    #####:  295:    state->phase=1;
        -:  296:    //state->supplyCount[supplyPos]--;
    #####:  297:    gainCard(supplyPos, state, 0, who); //card goes in discard, this might be wrong.. (2 means goes into hand, 0 goes into discard)
call    0 never executed
        -:  298:  
    #####:  299:    state->coins = (state->coins) - (getCost(supplyPos));
call    0 never executed
    #####:  300:    state->numBuys--;
    #####:  301:    if (DEBUG)
        -:  302:      printf("You bought card number %d for %d coins. You now have %d buys and %d coins.\n", supplyPos, getCost(supplyPos), state->numBuys, state->coins);
        -:  303:  }
        -:  304:
        -:  305:  //state->discard[who][state->discardCount[who]] = supplyPos;
        -:  306:  //state->discardCount[who]++;
        -:  307:    
    #####:  308:  return 0;
        -:  309:}
        -:  310:
function numHandCards called 0 returned 0% blocks executed 0%
    #####:  311:int numHandCards(struct gameState *state) {
    #####:  312:  return state->handCount[ whoseTurn(state) ];
call    0 never executed
        -:  313:}
        -:  314:
function handCard called 0 returned 0% blocks executed 0%
    #####:  315:int handCard(int handPos, struct gameState *state) {
    #####:  316:  int currentPlayer = whoseTurn(state);
call    0 never executed
    #####:  317:  return state->hand[currentPlayer][handPos];
        -:  318:}
        -:  319:
function supplyCount called 0 returned 0% blocks executed 0%
    #####:  320:int supplyCount(int card, struct gameState *state) {
    #####:  321:  return state->supplyCount[card];
        -:  322:}
        -:  323:
function fullDeckCount called 0 returned 0% blocks executed 0%
    #####:  324:int fullDeckCount(int player, int card, struct gameState *state) {
        -:  325:  int i;
    #####:  326:  int count = 0;
        -:  327:
    #####:  328:  for (i = 0; i < state->deckCount[player]; i++)
branch  0 never executed
branch  1 never executed
        -:  329:    {
    #####:  330:      if (state->deck[player][i] == card) count++;
branch  0 never executed
branch  1 never executed
        -:  331:    }
        -:  332:
    #####:  333:  for (i = 0; i < state->handCount[player]; i++)
branch  0 never executed
branch  1 never executed
        -:  334:    {
    #####:  335:      if (state->hand[player][i] == card) count++;
branch  0 never executed
branch  1 never executed
        -:  336:    }
        -:  337:
    #####:  338:  for (i = 0; i < state->discardCount[player]; i++)
branch  0 never executed
branch  1 never executed
        -:  339:    {
    #####:  340:      if (state->discard[player][i] == card) count++;
branch  0 never executed
branch  1 never executed
        -:  341:    }
        -:  342:
    #####:  343:  return count;
        -:  344:}
        -:  345:
function whoseTurn called 6 returned 100% blocks executed 100%
        6:  346:int whoseTurn(struct gameState *state) {
        6:  347:  return state->whoseTurn;
        -:  348:}
        -:  349:
function endTurn called 2 returned 100% blocks executed 100%
        2:  350:int endTurn(struct gameState *state) {
        -:  351:  int k;
        -:  352:  int i;
        2:  353:  int currentPlayer = whoseTurn(state);
call    0 returned 100%
        -:  354:  
        -:  355:  //Discard hand
        8:  356:  for (i = 0; i < state->handCount[currentPlayer]; i++){
branch  0 taken 75%
branch  1 taken 25% (fallthrough)
        6:  357:    state->discard[currentPlayer][state->discardCount[currentPlayer]++] = state->hand[currentPlayer][i];//Discard
        6:  358:    state->hand[currentPlayer][i] = -1;//Set card to -1
        -:  359:  }
        2:  360:  state->handCount[currentPlayer] = 0;//Reset hand count
        -:  361:    
        -:  362:  //Code for determining the player
        2:  363:  if (currentPlayer < (state->numPlayers - 1)){ 
branch  0 taken 50% (fallthrough)
branch  1 taken 50%
        1:  364:    state->whoseTurn = currentPlayer + 1;//Still safe to increment
        -:  365:  }
        -:  366:  else{
        1:  367:    state->whoseTurn = 0;//Max player has been reached, loop back around to player 1
        -:  368:  }
        -:  369:
        2:  370:  state->outpostPlayed = 0;
        2:  371:  state->phase = 0;
        2:  372:  state->numActions = 1;
        2:  373:  state->coins = 0;
        2:  374:  state->numBuys = 1;
        2:  375:  state->playedCardCount = 0;
        2:  376:  state->handCount[state->whoseTurn] = 0;
        -:  377:
        -:  378:  //int k; move to top
        -:  379:  //Next player draws hand
       12:  380:  for (k = 0; k < 5; k++){
branch  0 taken 83%
branch  1 taken 17% (fallthrough)
       10:  381:    drawCard(state->whoseTurn, state);//Draw a card
call    0 returned 100%
        -:  382:  }
        -:  383:
        -:  384:  //Update money
        2:  385:  updateCoins(state->whoseTurn, state , 0);
call    0 returned 100%
        -:  386:
        2:  387:  return 0;
        -:  388:}
        -:  389:
function isGameOver called 7 returned 100% blocks executed 100%
        7:  390:int isGameOver(struct gameState *state) {
        -:  391:  int i;
        -:  392:  int j;
        -:  393:	
        -:  394:  //if stack of Province cards is empty, the game ends
        7:  395:  if (state->supplyCount[province] == 0)
branch  0 taken 14% (fallthrough)
branch  1 taken 86%
        -:  396:    {
        1:  397:      return 1;
        -:  398:    }
        -:  399:
        -:  400:  //if three supply pile are at 0, the game ends
        6:  401:  j = 0;
      156:  402:  for (i = 0; i < 25; i++)
branch  0 taken 96%
branch  1 taken 4% (fallthrough)
        -:  403:    {
      150:  404:      if (state->supplyCount[i] == 0)
branch  0 taken 6% (fallthrough)
branch  1 taken 94%
        -:  405:	{
        9:  406:	  j++;
        -:  407:	}
        -:  408:    }
        6:  409:  if ( j >= 3)
branch  0 taken 50% (fallthrough)
branch  1 taken 50%
        -:  410:    {
        3:  411:      return 1;
        -:  412:    }
        -:  413:
        3:  414:  return 0;
        -:  415:}
        -:  416:
function scoreFor called 0 returned 0% blocks executed 0%
    #####:  417:int scoreFor (int player, struct gameState *state) {
        -:  418:
        -:  419:  int i;
    #####:  420:  int score = 0;
        -:  421:  //score from hand
    #####:  422:  for (i = 0; i < state->handCount[player]; i++)
branch  0 never executed
branch  1 never executed
        -:  423:    {
    #####:  424:      if (state->hand[player][i] == curse) { score = score - 1; };
branch  0 never executed
branch  1 never executed
    #####:  425:      if (state->hand[player][i] == estate) { score = score + 1; };
branch  0 never executed
branch  1 never executed
    #####:  426:      if (state->hand[player][i] == duchy) { score = score + 3; };
branch  0 never executed
branch  1 never executed
    #####:  427:      if (state->hand[player][i] == province) { score = score + 6; };
branch  0 never executed
branch  1 never executed
    #####:  428:      if (state->hand[player][i] == great_hall) { score = score + 1; };
branch  0 never executed
branch  1 never executed
    #####:  429:      if (state->hand[player][i] == gardens) { score = score + ( fullDeckCount(player, 0, state) / 10 ); };
branch  0 never executed
branch  1 never executed
call    2 never executed
        -:  430:    }
        -:  431:
        -:  432:  //score from discard
    #####:  433:  for (i = 0; i < state->discardCount[player]; i++)
branch  0 never executed
branch  1 never executed
        -:  434:    {
    #####:  435:      if (state->discard[player][i] == curse) { score = score - 1; };
branch  0 never executed
branch  1 never executed
    #####:  436:      if (state->discard[player][i] == estate) { score = score + 1; };
branch  0 never executed
branch  1 never executed
    #####:  437:      if (state->discard[player][i] == duchy) { score = score + 3; };
branch  0 never executed
branch  1 never executed
    #####:  438:      if (state->discard[player][i] == province) { score = score + 6; };
branch  0 never executed
branch  1 never executed
    #####:  439:      if (state->discard[player][i] == great_hall) { score = score + 1; };
branch  0 never executed
branch  1 never executed
    #####:  440:      if (state->discard[player][i] == gardens) { score = score + ( fullDeckCount(player, 0, state) / 10 ); };
branch  0 never executed
branch  1 never executed
call    2 never executed
        -:  441:    }
        -:  442:
        -:  443:  //score from deck
    #####:  444:  for (i = 0; i < state->discardCount[player]; i++)
branch  0 never executed
branch  1 never executed
        -:  445:    {
    #####:  446:      if (state->deck[player][i] == curse) { score = score - 1; };
branch  0 never executed
branch  1 never executed
    #####:  447:      if (state->deck[player][i] == estate) { score = score + 1; };
branch  0 never executed
branch  1 never executed
    #####:  448:      if (state->deck[player][i] == duchy) { score = score + 3; };
branch  0 never executed
branch  1 never executed
    #####:  449:      if (state->deck[player][i] == province) { score = score + 6; };
branch  0 never executed
branch  1 never executed
    #####:  450:      if (state->deck[player][i] == great_hall) { score = score + 1; };
branch  0 never executed
branch  1 never executed
    #####:  451:      if (state->deck[player][i] == gardens) { score = score + ( fullDeckCount(player, 0, state) / 10 ); };
branch  0 never executed
branch  1 never executed
call    2 never executed
        -:  452:    }
        -:  453:
    #####:  454:  return score;
        -:  455:}
        -:  456:
function getWinners called 0 returned 0% blocks executed 0%
    #####:  457:int getWinners(int players[MAX_PLAYERS], struct gameState *state) {
        -:  458:  int i;	
        -:  459:  int j;
        -:  460:  int highScore;
        -:  461:  int currentPlayer;
        -:  462:
        -:  463:  //get score for each player
    #####:  464:  for (i = 0; i < MAX_PLAYERS; i++)
branch  0 never executed
branch  1 never executed
        -:  465:    {
        -:  466:      //set unused player scores to -9999
    #####:  467:      if (i >= state->numPlayers)
branch  0 never executed
branch  1 never executed
        -:  468:	{
    #####:  469:	  players[i] = -9999;
        -:  470:	}
        -:  471:      else
        -:  472:	{
    #####:  473:	  players[i] = scoreFor (i, state);
call    0 never executed
        -:  474:	}
        -:  475:    }
        -:  476:
        -:  477:  //find highest score
    #####:  478:  j = 0;
    #####:  479:  for (i = 0; i < MAX_PLAYERS; i++)
branch  0 never executed
branch  1 never executed
        -:  480:    {
    #####:  481:      if (players[i] > players[j])
branch  0 never executed
branch  1 never executed
        -:  482:	{
    #####:  483:	  j = i;
        -:  484:	}
        -:  485:    }
    #####:  486:  highScore = players[j];
        -:  487:
        -:  488:  //add 1 to players who had less turns
    #####:  489:  currentPlayer = whoseTurn(state);
call    0 never executed
    #####:  490:  for (i = 0; i < MAX_PLAYERS; i++)
branch  0 never executed
branch  1 never executed
        -:  491:    {
    #####:  492:      if ( players[i] == highScore && i > currentPlayer )
branch  0 never executed
branch  1 never executed
branch  2 never executed
branch  3 never executed
        -:  493:	{
    #####:  494:	  players[i]++;
        -:  495:	}
        -:  496:    }
        -:  497:
        -:  498:  //find new highest score
    #####:  499:  j = 0;
    #####:  500:  for (i = 0; i < MAX_PLAYERS; i++)
branch  0 never executed
branch  1 never executed
        -:  501:    {
    #####:  502:      if ( players[i] > players[j] )
branch  0 never executed
branch  1 never executed
        -:  503:	{
    #####:  504:	  j = i;
        -:  505:	}
        -:  506:    }
    #####:  507:  highScore = players[j];
        -:  508:
        -:  509:  //set winners in array to 1 and rest to 0
    #####:  510:  for (i = 0; i < MAX_PLAYERS; i++)
branch  0 never executed
branch  1 never executed
        -:  511:    {
    #####:  512:      if ( players[i] == highScore )
branch  0 never executed
branch  1 never executed
        -:  513:	{
    #####:  514:	  players[i] = 1;
        -:  515:	}
        -:  516:      else
        -:  517:	{
    #####:  518:	  players[i] = 0;
        -:  519:	}
        -:  520:    }
        -:  521:
    #####:  522:  return 0;
        -:  523:}
        -:  524:
function drawCard called 40 returned 100% blocks executed 36%
       40:  525:int drawCard(int player, struct gameState *state)
        -:  526:{	int count;
        -:  527:  int deckCounter;
       40:  528:  if (state->deckCount[player] <= 0){//Deck is empty
branch  0 taken 0% (fallthrough)
branch  1 taken 100%
        -:  529:    
        -:  530:    //Step 1 Shuffle the discard pile back into a deck
        -:  531:    int i;
        -:  532:    //Move discard to deck
    #####:  533:    for (i = 0; i < state->discardCount[player];i++){
branch  0 never executed
branch  1 never executed
    #####:  534:      state->deck[player][i] = state->discard[player][i];
    #####:  535:      state->discard[player][i] = -1;
        -:  536:    }
        -:  537:
    #####:  538:    state->deckCount[player] = state->discardCount[player];
    #####:  539:    state->discardCount[player] = 0;//Reset discard
        -:  540:
        -:  541:    //Shufffle the deck
    #####:  542:    shuffle(player, state);//Shuffle the deck up and make it so that we can draw
call    0 never executed
        -:  543:   
    #####:  544:    if (DEBUG){//Debug statements
        -:  545:      printf("Deck count now: %d\n", state->deckCount[player]);
        -:  546:    }
        -:  547:    
    #####:  548:    state->discardCount[player] = 0;
        -:  549:
        -:  550:    //Step 2 Draw Card
    #####:  551:    count = state->handCount[player];//Get current player's hand count
        -:  552:    
    #####:  553:    if (DEBUG){//Debug statements
        -:  554:      printf("Current hand count: %d\n", count);
        -:  555:    }
        -:  556:    
    #####:  557:    deckCounter = state->deckCount[player];//Create a holder for the deck count
        -:  558:
    #####:  559:    if (deckCounter == 0)
branch  0 never executed
branch  1 never executed
    #####:  560:      return -1;
        -:  561:
    #####:  562:    state->hand[player][count] = state->deck[player][deckCounter - 1];//Add card to hand
    #####:  563:    state->deckCount[player]--;
    #####:  564:    state->handCount[player]++;//Increment hand count
        -:  565:  }
        -:  566:
        -:  567:  else{
       40:  568:    int count = state->handCount[player];//Get current hand count for player
        -:  569:    int deckCounter;
       40:  570:    if (DEBUG){//Debug statements
        -:  571:      printf("Current hand count: %d\n", count);
        -:  572:    }
        -:  573:
       40:  574:    deckCounter = state->deckCount[player];//Create holder for the deck count
       40:  575:    state->hand[player][count] = state->deck[player][deckCounter - 1];//Add card to the hand
       40:  576:    state->deckCount[player]--;
       40:  577:    state->handCount[player]++;//Increment hand count
        -:  578:  }
        -:  579:
       40:  580:  return 0;
        -:  581:}
        -:  582:
function getCost called 0 returned 0% blocks executed 0%
    #####:  583:int getCost(int cardNumber)
        -:  584:{
    #####:  585:  switch( cardNumber ) 
branch  0 never executed
branch  1 never executed
branch  2 never executed
branch  3 never executed
branch  4 never executed
branch  5 never executed
branch  6 never executed
branch  7 never executed
branch  8 never executed
branch  9 never executed
branch 10 never executed
branch 11 never executed
branch 12 never executed
branch 13 never executed
branch 14 never executed
branch 15 never executed
branch 16 never executed
branch 17 never executed
branch 18 never executed
branch 19 never executed
branch 20 never executed
branch 21 never executed
branch 22 never executed
branch 23 never executed
branch 24 never executed
branch 25 never executed
branch 26 never executed
branch 27 never executed
        -:  586:    {
        -:  587:    case curse:
    #####:  588:      return 0;
        -:  589:    case estate:
    #####:  590:      return 2;
        -:  591:    case duchy:
    #####:  592:      return 5;
        -:  593:    case province:
    #####:  594:      return 8;
        -:  595:    case copper:
    #####:  596:      return 0;
        -:  597:    case silver:
    #####:  598:      return 3;
        -:  599:    case gold:
    #####:  600:      return 6;
        -:  601:    case adventurer:
    #####:  602:      return 6;
        -:  603:    case council_room:
    #####:  604:      return 5;
        -:  605:    case feast:
    #####:  606:      return 4;
        -:  607:    case gardens:
    #####:  608:      return 4;
        -:  609:    case mine:
    #####:  610:      return 5;
        -:  611:    case remodel:
    #####:  612:      return 4;
        -:  613:    case smithy:
    #####:  614:      return 4;
        -:  615:    case village:
    #####:  616:      return 3;
        -:  617:    case baron:
    #####:  618:      return 4;
        -:  619:    case great_hall:
    #####:  620:      return 3;
        -:  621:    case minion:
    #####:  622:      return 5;
        -:  623:    case steward:
    #####:  624:      return 3;
        -:  625:    case tribute:
    #####:  626:      return 5;
        -:  627:    case ambassador:
    #####:  628:      return 3;
        -:  629:    case cutpurse:
    #####:  630:      return 4;
        -:  631:    case embargo: 
    #####:  632:      return 2;
        -:  633:    case outpost:
    #####:  634:      return 5;
        -:  635:    case salvager:
    #####:  636:      return 4;
        -:  637:    case sea_hag:
    #####:  638:      return 4;
        -:  639:    case treasure_map:
    #####:  640:      return 4;
        -:  641:    }
        -:  642:	
    #####:  643:  return -1;
        -:  644:}
        -:  645:
function cardEffect called 0 returned 0% blocks executed 0%
    #####:  646:int cardEffect(int card, int choice1, int choice2, int choice3, struct gameState *state, int handPos, int *bonus)
        -:  647:{
        -:  648:  int i, j, x, index;
    #####:  649:  int currentPlayer = whoseTurn(state);
call    0 never executed
    #####:  650:  int nextPlayer = currentPlayer + 1;
        -:  651:
    #####:  652:  int tributeRevealedCards[2] = {-1, -1};
        -:  653:  int temphand[MAX_HAND];
        -:  654:
    #####:  655:  if (nextPlayer > (state->numPlayers - 1)){
branch  0 never executed
branch  1 never executed
    #####:  656:    nextPlayer = 0;
        -:  657:  }
        -:  658:  
        -:  659:	
        -:  660:  //uses switch to select card and perform actions
    #####:  661:  switch( card ) 
branch  0 never executed
branch  1 never executed
branch  2 never executed
branch  3 never executed
branch  4 never executed
branch  5 never executed
branch  6 never executed
branch  7 never executed
branch  8 never executed
branch  9 never executed
branch 10 never executed
branch 11 never executed
branch 12 never executed
branch 13 never executed
branch 14 never executed
branch 15 never executed
branch 16 never executed
branch 17 never executed
branch 18 never executed
branch 19 never executed
        -:  662:    {
        -:  663:    case adventurer:
    #####:  664:      effectAdventurer(state, handPos);
call    0 never executed
    #####:  665:      return 0;
        -:  666:			
        -:  667:    case council_room:
    #####:  668:      effectCouncilRoom(state, handPos);
call    0 never executed
    #####:  669:      return 0;
        -:  670:			
        -:  671:    case feast:
        -:  672:      //gain card with cost up to 5
        -:  673:      //Backup hand
    #####:  674:      for (i = 0; i <= state->handCount[currentPlayer]; i++){
branch  0 never executed
branch  1 never executed
    #####:  675:	temphand[i] = state->hand[currentPlayer][i];//Backup card
    #####:  676:	state->hand[currentPlayer][i] = -1;//Set to nothing
        -:  677:      }
        -:  678:      //Backup hand
        -:  679:
        -:  680:      //Update Coins for Buy
    #####:  681:      updateCoins(currentPlayer, state, 5);
call    0 never executed
    #####:  682:      x = 1;//Condition to loop on
    #####:  683:      while( x == 1) {//Buy one card
branch  0 never executed
branch  1 never executed
    #####:  684:	if (supplyCount(choice1, state) <= 0){
call    0 never executed
branch  1 never executed
branch  2 never executed
    #####:  685:	  if (DEBUG)
        -:  686:	    printf("None of that card left, sorry!\n");
        -:  687:
    #####:  688:	  if (DEBUG){
        -:  689:	    printf("Cards Left: %d\n", supplyCount(choice1, state));
        -:  690:	  }
        -:  691:	}
    #####:  692:	else if (state->coins < getCost(choice1)){
call    0 never executed
branch  1 never executed
branch  2 never executed
    #####:  693:	  printf("That card is too expensive!\n");
call    0 never executed
        -:  694:
    #####:  695:	  if (DEBUG){
        -:  696:	    printf("Coins: %d < %d\n", state->coins, getCost(choice1));
        -:  697:	  }
        -:  698:	}
        -:  699:	else{
        -:  700:
    #####:  701:	  if (DEBUG){
        -:  702:	    printf("Deck Count: %d\n", state->handCount[currentPlayer] + state->deckCount[currentPlayer] + state->discardCount[currentPlayer]);
        -:  703:	  }
        -:  704:
    #####:  705:	  gainCard(choice1, state, 0, currentPlayer);//Gain the card
call    0 never executed
    #####:  706:	  x = 0;//No more buying cards
        -:  707:
    #####:  708:	  if (DEBUG){
        -:  709:	    printf("Deck Count: %d\n", state->handCount[currentPlayer] + state->deckCount[currentPlayer] + state->discardCount[currentPlayer]);
        -:  710:	  }
        -:  711:
        -:  712:	}
        -:  713:      }     
        -:  714:
        -:  715:      //Reset Hand
    #####:  716:      for (i = 0; i <= state->handCount[currentPlayer]; i++){
branch  0 never executed
branch  1 never executed
    #####:  717:	state->hand[currentPlayer][i] = temphand[i];
    #####:  718:	temphand[i] = -1;
        -:  719:      }
        -:  720:      //Reset Hand
        -:  721:      			
    #####:  722:      return 0;
        -:  723:			
        -:  724:    case gardens:
    #####:  725:      return -1;
        -:  726:			
        -:  727:    case mine:
    #####:  728:      j = state->hand[currentPlayer][choice1];  //store card we will trash
        -:  729:
    #####:  730:      if (state->hand[currentPlayer][choice1] < copper || state->hand[currentPlayer][choice1] > gold)
branch  0 never executed
branch  1 never executed
branch  2 never executed
branch  3 never executed
        -:  731:	{
    #####:  732:	  return -1;
        -:  733:	}
        -:  734:		
    #####:  735:      if (choice2 > treasure_map || choice2 < curse)
branch  0 never executed
branch  1 never executed
branch  2 never executed
branch  3 never executed
        -:  736:	{
    #####:  737:	  return -1;
        -:  738:	}
        -:  739:
    #####:  740:      if ( (getCost(state->hand[currentPlayer][choice1]) + 3) > getCost(choice2) )
call    0 never executed
call    1 never executed
branch  2 never executed
branch  3 never executed
        -:  741:	{
    #####:  742:	  return -1;
        -:  743:	}
        -:  744:
    #####:  745:      gainCard(choice2, state, 2, currentPlayer);
call    0 never executed
        -:  746:
        -:  747:      //discard card from hand
    #####:  748:      discardCard(handPos, currentPlayer, state, 0);
call    0 never executed
        -:  749:
        -:  750:      //discard trashed card
    #####:  751:      for (i = 0; i < state->handCount[currentPlayer]; i++)
branch  0 never executed
branch  1 never executed
        -:  752:	{
    #####:  753:	  if (state->hand[currentPlayer][i] == j)
branch  0 never executed
branch  1 never executed
        -:  754:	    {
    #####:  755:	      discardCard(i, currentPlayer, state, 0);			
call    0 never executed
    #####:  756:	      break;
        -:  757:	    }
        -:  758:	}
        -:  759:			
    #####:  760:      return 0;
        -:  761:			
        -:  762:    case remodel:
    #####:  763:      j = state->hand[currentPlayer][choice1];  //store card we will trash
        -:  764:
    #####:  765:      if ( (getCost(state->hand[currentPlayer][choice1]) + 2) > getCost(choice2) )
call    0 never executed
call    1 never executed
branch  2 never executed
branch  3 never executed
        -:  766:	{
    #####:  767:	  return -1;
        -:  768:	}
        -:  769:
    #####:  770:      gainCard(choice2, state, 0, currentPlayer);
call    0 never executed
        -:  771:
        -:  772:      //discard card from hand
    #####:  773:      discardCard(handPos, currentPlayer, state, 0);
call    0 never executed
        -:  774:
        -:  775:      //discard trashed card
    #####:  776:      for (i = 0; i < state->handCount[currentPlayer]; i++)
branch  0 never executed
branch  1 never executed
        -:  777:	{
    #####:  778:	  if (state->hand[currentPlayer][i] == j)
branch  0 never executed
branch  1 never executed
        -:  779:	    {
    #####:  780:	      discardCard(i, currentPlayer, state, 0);			
call    0 never executed
    #####:  781:	      break;
        -:  782:	    }
        -:  783:	}
        -:  784:
        -:  785:
    #####:  786:      return 0;
        -:  787:		
        -:  788:    case smithy:
    #####:  789:      effectSmithy(state, handPos);
call    0 never executed
    #####:  790:      return 0;
        -:  791:		
        -:  792:    case village:
        -:  793:      //+1 Card
    #####:  794:      drawCard(currentPlayer, state);
call    0 never executed
        -:  795:			
        -:  796:      //+2 Actions
    #####:  797:      state->numActions = state->numActions + 2;
        -:  798:			
        -:  799:      //discard played card from hand
    #####:  800:      discardCard(handPos, currentPlayer, state, 0);
call    0 never executed
    #####:  801:      return 0;
        -:  802:		
        -:  803:    case baron:
    #####:  804:      state->numBuys++;//Increase buys by 1!
    #####:  805:      if (choice1 > 0){//Boolean true or going to discard an estate
branch  0 never executed
branch  1 never executed
    #####:  806:	int p = 0;//Iterator for hand!
    #####:  807:	int card_not_discarded = 1;//Flag for discard set!
    #####:  808:	while(card_not_discarded){
branch  0 never executed
branch  1 never executed
    #####:  809:	  if (state->hand[currentPlayer][p] == estate){//Found an estate card!
branch  0 never executed
branch  1 never executed
    #####:  810:	    state->coins += 4;//Add 4 coins to the amount of coins
    #####:  811:	    state->discard[currentPlayer][state->discardCount[currentPlayer]] = state->hand[currentPlayer][p];
    #####:  812:	    state->discardCount[currentPlayer]++;
    #####:  813:	    for (;p < state->handCount[currentPlayer]; p++){
branch  0 never executed
branch  1 never executed
    #####:  814:	      state->hand[currentPlayer][p] = state->hand[currentPlayer][p+1];
        -:  815:	    }
    #####:  816:	    state->hand[currentPlayer][state->handCount[currentPlayer]] = -1;
    #####:  817:	    state->handCount[currentPlayer]--;
    #####:  818:	    card_not_discarded = 0;//Exit the loop
        -:  819:	  }
    #####:  820:	  else if (p > state->handCount[currentPlayer]){
branch  0 never executed
branch  1 never executed
    #####:  821:	    if(DEBUG) {
        -:  822:	      printf("No estate cards in your hand, invalid choice\n");
        -:  823:	      printf("Must gain an estate if there are any\n");
        -:  824:	    }
    #####:  825:	    if (supplyCount(estate, state) > 0){
call    0 never executed
branch  1 never executed
branch  2 never executed
    #####:  826:	      gainCard(estate, state, 0, currentPlayer);
call    0 never executed
    #####:  827:	      state->supplyCount[estate]--;//Decrement estates
    #####:  828:	      if (supplyCount(estate, state) == 0){
call    0 never executed
branch  1 never executed
branch  2 never executed
    #####:  829:		isGameOver(state);
call    0 never executed
        -:  830:	      }
        -:  831:	    }
    #####:  832:	    card_not_discarded = 0;//Exit the loop
        -:  833:	  }
        -:  834:			    
        -:  835:	  else{
    #####:  836:	    p++;//Next card
        -:  837:	  }
        -:  838:	}
        -:  839:      }
        -:  840:			    
        -:  841:      else{
    #####:  842:	if (supplyCount(estate, state) > 0){
call    0 never executed
branch  1 never executed
branch  2 never executed
    #####:  843:	  gainCard(estate, state, 0, currentPlayer);//Gain an estate
call    0 never executed
    #####:  844:	  state->supplyCount[estate]--;//Decrement Estates
    #####:  845:	  if (supplyCount(estate, state) == 0){
call    0 never executed
branch  1 never executed
branch  2 never executed
    #####:  846:	    isGameOver(state);
call    0 never executed
        -:  847:	  }
        -:  848:	}
        -:  849:      }
        -:  850:	    
        -:  851:      
    #####:  852:      return 0;
        -:  853:		
        -:  854:    case great_hall:
    #####:  855:      effectGreatHall(state, handPos);
call    0 never executed
    #####:  856:      return 0;
        -:  857:		
        -:  858:    case steward:
    #####:  859:      if (choice1 == 1)
branch  0 never executed
branch  1 never executed
        -:  860:	{
        -:  861:	  //+2 cards
    #####:  862:	  drawCard(currentPlayer, state);
call    0 never executed
    #####:  863:	  drawCard(currentPlayer, state);
call    0 never executed
        -:  864:	}
    #####:  865:      else if (choice1 == 2)
branch  0 never executed
branch  1 never executed
        -:  866:	{
        -:  867:	  //+2 coins
    #####:  868:	  state->coins = state->coins + 2;
        -:  869:	}
        -:  870:      else
        -:  871:	{
        -:  872:	  //trash 2 cards in hand
    #####:  873:	  discardCard(choice2, currentPlayer, state, 1);
call    0 never executed
    #####:  874:	  discardCard(choice3, currentPlayer, state, 1);
call    0 never executed
        -:  875:	}
        -:  876:			
        -:  877:      //discard card from hand
    #####:  878:      discardCard(handPos, currentPlayer, state, 0);
call    0 never executed
    #####:  879:      return 0;
        -:  880:		
        -:  881:    case tribute:
    #####:  882:      if ((state->discardCount[nextPlayer] + state->deckCount[nextPlayer]) <= 1){
branch  0 never executed
branch  1 never executed
    #####:  883:	if (state->deckCount[nextPlayer] > 0){
branch  0 never executed
branch  1 never executed
    #####:  884:	  tributeRevealedCards[0] = state->deck[nextPlayer][state->deckCount[nextPlayer]-1];
    #####:  885:	  state->deckCount[nextPlayer]--;
        -:  886:	}
    #####:  887:	else if (state->discardCount[nextPlayer] > 0){
branch  0 never executed
branch  1 never executed
    #####:  888:	  tributeRevealedCards[0] = state->discard[nextPlayer][state->discardCount[nextPlayer]-1];
    #####:  889:	  state->discardCount[nextPlayer]--;
        -:  890:	}
        -:  891:	else{
        -:  892:	  //No Card to Reveal
    #####:  893:	  if (DEBUG){
        -:  894:	    printf("No cards to reveal\n");
        -:  895:	  }
        -:  896:	}
        -:  897:      }
        -:  898:	    
        -:  899:      else{
    #####:  900:	if (state->deckCount[nextPlayer] == 0){
branch  0 never executed
branch  1 never executed
    #####:  901:	  for (i = 0; i < state->discardCount[nextPlayer]; i++){
branch  0 never executed
branch  1 never executed
    #####:  902:	    state->deck[nextPlayer][i] = state->discard[nextPlayer][i];//Move to deck
    #####:  903:	    state->deckCount[nextPlayer]++;
    #####:  904:	    state->discard[nextPlayer][i] = -1;
    #####:  905:	    state->discardCount[nextPlayer]--;
        -:  906:	  }
        -:  907:			    
    #####:  908:	  shuffle(nextPlayer,state);//Shuffle the deck
call    0 never executed
        -:  909:	} 
    #####:  910:	tributeRevealedCards[0] = state->deck[nextPlayer][state->deckCount[nextPlayer]-1];
    #####:  911:	state->deck[nextPlayer][state->deckCount[nextPlayer]--] = -1;
    #####:  912:	state->deckCount[nextPlayer]--;
    #####:  913:	tributeRevealedCards[1] = state->deck[nextPlayer][state->deckCount[nextPlayer]-1];
    #####:  914:	state->deck[nextPlayer][state->deckCount[nextPlayer]--] = -1;
    #####:  915:	state->deckCount[nextPlayer]--;
        -:  916:      }    
        -:  917:		       
    #####:  918:      if (tributeRevealedCards[0] == tributeRevealedCards[1]){//If we have a duplicate card, just drop one 
branch  0 never executed
branch  1 never executed
    #####:  919:	state->playedCards[state->playedCardCount] = tributeRevealedCards[1];
    #####:  920:	state->playedCardCount++;
    #####:  921:	tributeRevealedCards[1] = -1;
        -:  922:      }
        -:  923:
    #####:  924:      for (i = 0; i <= 2; i ++){
branch  0 never executed
branch  1 never executed
    #####:  925:	if (tributeRevealedCards[i] == copper || tributeRevealedCards[i] == silver || tributeRevealedCards[i] == gold){//Treasure cards
branch  0 never executed
branch  1 never executed
branch  2 never executed
branch  3 never executed
branch  4 never executed
branch  5 never executed
    #####:  926:	  state->coins += 2;
        -:  927:	}
        -:  928:		    
    #####:  929:	else if (tributeRevealedCards[i] == estate || tributeRevealedCards[i] == duchy || tributeRevealedCards[i] == province || tributeRevealedCards[i] == gardens || tributeRevealedCards[i] == great_hall){//Victory Card Found
branch  0 never executed
branch  1 never executed
branch  2 never executed
branch  3 never executed
branch  4 never executed
branch  5 never executed
branch  6 never executed
branch  7 never executed
branch  8 never executed
branch  9 never executed
    #####:  930:	  drawCard(currentPlayer, state);
call    0 never executed
    #####:  931:	  drawCard(currentPlayer, state);
call    0 never executed
        -:  932:	}
        -:  933:	else{//Action Card
    #####:  934:	  state->numActions = state->numActions + 2;
        -:  935:	}
        -:  936:      }
        -:  937:	    
    #####:  938:      return 0;
        -:  939:		
        -:  940:    case ambassador:
    #####:  941:      j = 0;		//used to check if player has enough cards to discard
        -:  942:
    #####:  943:      if (choice2 > 2 || choice2 < 0)
branch  0 never executed
branch  1 never executed
branch  2 never executed
branch  3 never executed
        -:  944:	{
    #####:  945:	  return -1;				
        -:  946:	}
        -:  947:
    #####:  948:      if (choice1 == handPos)
branch  0 never executed
branch  1 never executed
        -:  949:	{
    #####:  950:	  return -1;
        -:  951:	}
        -:  952:
    #####:  953:      for (i = 0; i < state->handCount[currentPlayer]; i++)
branch  0 never executed
branch  1 never executed
        -:  954:	{
    #####:  955:	  if (i != handPos && i == state->hand[currentPlayer][choice1] && i != choice1)
branch  0 never executed
branch  1 never executed
branch  2 never executed
branch  3 never executed
branch  4 never executed
branch  5 never executed
        -:  956:	    {
    #####:  957:	      j++;
        -:  958:	    }
        -:  959:	}
    #####:  960:      if (j < choice2)
branch  0 never executed
branch  1 never executed
        -:  961:	{
    #####:  962:	  return -1;				
        -:  963:	}
        -:  964:
    #####:  965:      if (DEBUG) 
        -:  966:	printf("Player %d reveals card number: %d\n", currentPlayer, state->hand[currentPlayer][choice1]);
        -:  967:
        -:  968:      //increase supply count for choosen card by amount being discarded
    #####:  969:      state->supplyCount[state->hand[currentPlayer][choice1]] += choice2;
        -:  970:			
        -:  971:      //each other player gains a copy of revealed card
    #####:  972:      for (i = 0; i < state->numPlayers; i++)
branch  0 never executed
branch  1 never executed
        -:  973:	{
    #####:  974:	  if (i != currentPlayer)
branch  0 never executed
branch  1 never executed
        -:  975:	    {
    #####:  976:	      gainCard(state->hand[currentPlayer][choice1], state, 0, i);
call    0 never executed
        -:  977:	    }
        -:  978:	}
        -:  979:
        -:  980:      //discard played card from hand
    #####:  981:      discardCard(handPos, currentPlayer, state, 0);			
call    0 never executed
        -:  982:
        -:  983:      //trash copies of cards returned to supply
    #####:  984:      for (j = 0; j < choice2; j++)
branch  0 never executed
branch  1 never executed
        -:  985:	{
    #####:  986:	  for (i = 0; i < state->handCount[currentPlayer]; i++)
branch  0 never executed
branch  1 never executed
        -:  987:	    {
    #####:  988:	      if (state->hand[currentPlayer][i] == state->hand[currentPlayer][choice1])
branch  0 never executed
branch  1 never executed
        -:  989:		{
    #####:  990:		  discardCard(i, currentPlayer, state, 1);
call    0 never executed
    #####:  991:		  break;
        -:  992:		}
        -:  993:	    }
        -:  994:	}			
        -:  995:
    #####:  996:      return 0;
        -:  997:		
        -:  998:    case cutpurse:
    #####:  999:      effectCutpurse(state, handPos);
call    0 never executed
    #####: 1000:      return 0;
        -: 1001:
        -: 1002:		
        -: 1003:    case embargo: 
        -: 1004:      //+2 Coins
    #####: 1005:      state->coins = state->coins + 2;
        -: 1006:			
        -: 1007:      //see if selected pile is in play
    #####: 1008:      if ( state->supplyCount[choice1] == -1 )
branch  0 never executed
branch  1 never executed
        -: 1009:	{
    #####: 1010:	  return -1;
        -: 1011:	}
        -: 1012:			
        -: 1013:      //add embargo token to selected supply pile
    #####: 1014:      state->embargoTokens[choice1]++;
        -: 1015:			
        -: 1016:      //trash card
    #####: 1017:      discardCard(handPos, currentPlayer, state, 1);		
call    0 never executed
    #####: 1018:      return 0;
        -: 1019:		
        -: 1020:    case outpost:
        -: 1021:      //set outpost flag
    #####: 1022:      state->outpostPlayed++;
        -: 1023:			
        -: 1024:      //discard card
    #####: 1025:      discardCard(handPos, currentPlayer, state, 0);
call    0 never executed
    #####: 1026:      return 0;
        -: 1027:		
        -: 1028:    case salvager:
        -: 1029:      //+1 buy
    #####: 1030:      state->numBuys++;
        -: 1031:			
    #####: 1032:      if (choice1)
branch  0 never executed
branch  1 never executed
        -: 1033:	{
        -: 1034:	  //gain coins equal to trashed card
    #####: 1035:	  state->coins = state->coins + getCost( handCard(choice1, state) );
call    0 never executed
call    1 never executed
        -: 1036:	  //trash card
    #####: 1037:	  discardCard(choice1, currentPlayer, state, 1);	
call    0 never executed
        -: 1038:	}
        -: 1039:			
        -: 1040:      //discard card
    #####: 1041:      discardCard(handPos, currentPlayer, state, 0);
call    0 never executed
    #####: 1042:      return 0;
        -: 1043:		
        -: 1044:    case sea_hag:
    #####: 1045:      for (i = 0; i < state->numPlayers; i++){
branch  0 never executed
branch  1 never executed
    #####: 1046:	if (i != currentPlayer){
branch  0 never executed
branch  1 never executed
    #####: 1047:	  state->discard[i][state->discardCount[i]] = state->deck[i][state->deckCount[i]--];			    state->deckCount[i]--;
    #####: 1048:	  state->discardCount[i]++;
    #####: 1049:	  state->deck[i][state->deckCount[i]--] = curse;//Top card now a curse
        -: 1050:	}
        -: 1051:      }
    #####: 1052:      return 0;
        -: 1053:		
        -: 1054:    case treasure_map:
        -: 1055:      //search hand for another treasure_map
    #####: 1056:      index = -1;
    #####: 1057:      for (i = 0; i < state->handCount[currentPlayer]; i++)
branch  0 never executed
branch  1 never executed
        -: 1058:	{
    #####: 1059:	  if (state->hand[currentPlayer][i] == treasure_map && i != handPos)
branch  0 never executed
branch  1 never executed
branch  2 never executed
branch  3 never executed
        -: 1060:	    {
    #####: 1061:	      index = i;
    #####: 1062:	      break;
        -: 1063:	    }
        -: 1064:	}
    #####: 1065:      if (index > -1)
branch  0 never executed
branch  1 never executed
        -: 1066:	{
        -: 1067:	  //trash both treasure cards
    #####: 1068:	  discardCard(handPos, currentPlayer, state, 1);
call    0 never executed
    #####: 1069:	  discardCard(index, currentPlayer, state, 1);
call    0 never executed
        -: 1070:
        -: 1071:	  //gain 4 Gold cards
    #####: 1072:	  for (i = 0; i < 4; i++)
branch  0 never executed
branch  1 never executed
        -: 1073:	    {
    #####: 1074:	      gainCard(gold, state, 1, currentPlayer);
call    0 never executed
        -: 1075:	    }
        -: 1076:				
        -: 1077:	  //return success
    #####: 1078:	  return 1;
        -: 1079:	}
        -: 1080:			
        -: 1081:      //no second treasure_map found in hand
    #####: 1082:      return -1;
        -: 1083:    }
        -: 1084:	
    #####: 1085:  return -1;
        -: 1086:}
        -: 1087:
function discardCard called 0 returned 0% blocks executed 0%
    #####: 1088:int discardCard(int handPos, int currentPlayer, struct gameState *state, int trashFlag)
        -: 1089:{
        -: 1090:	
        -: 1091:  //if card is not trashed, added to Played pile 
    #####: 1092:  if (trashFlag < 1)
branch  0 never executed
branch  1 never executed
        -: 1093:    {
        -: 1094:      //add card to played pile
    #####: 1095:      state->playedCards[state->playedCardCount] = state->hand[currentPlayer][handPos]; 
    #####: 1096:      state->playedCardCount++;
        -: 1097:    }
        -: 1098:	
        -: 1099:  //set played card to -1
    #####: 1100:  state->hand[currentPlayer][handPos] = -1;
        -: 1101:	
        -: 1102:  //remove card from player's hand
    #####: 1103:  if ( handPos == (state->handCount[currentPlayer] - 1) ) 	//last card in hand array is played
branch  0 never executed
branch  1 never executed
        -: 1104:    {
        -: 1105:      //reduce number of cards in hand
    #####: 1106:      state->handCount[currentPlayer]--;
        -: 1107:    }
    #####: 1108:  else if ( state->handCount[currentPlayer] == 1 ) //only one card in hand
branch  0 never executed
branch  1 never executed
        -: 1109:    {
        -: 1110:      //reduce number of cards in hand
    #####: 1111:      state->handCount[currentPlayer]--;
        -: 1112:    }
        -: 1113:  else 	
        -: 1114:    {
        -: 1115:      //replace discarded card with last card in hand
    #####: 1116:      state->hand[currentPlayer][handPos] = state->hand[currentPlayer][ (state->handCount[currentPlayer] - 1)];
        -: 1117:      //set last card to -1
    #####: 1118:      state->hand[currentPlayer][state->handCount[currentPlayer] - 1] = -1;
        -: 1119:      //reduce number of cards in hand
    #####: 1120:      state->handCount[currentPlayer]--;
        -: 1121:    }
        -: 1122:	
    #####: 1123:  return 0;
        -: 1124:}
        -: 1125:
function gainCard called 0 returned 0% blocks executed 0%
    #####: 1126:int gainCard(int supplyPos, struct gameState *state, int toFlag, int player)
        -: 1127:{
        -: 1128:  //Note: supplyPos is enum of choosen card
        -: 1129:	
        -: 1130:  //check if supply pile is empty (0) or card is not used in game (-1)
    #####: 1131:  if ( supplyCount(supplyPos, state) < 1 )
call    0 never executed
branch  1 never executed
branch  2 never executed
        -: 1132:    {
    #####: 1133:      return -1;
        -: 1134:    }
        -: 1135:	
        -: 1136:  //added card for [whoseTurn] current player:
        -: 1137:  // toFlag = 0 : add to discard
        -: 1138:  // toFlag = 1 : add to deck
        -: 1139:  // toFlag = 2 : add to hand
        -: 1140:
    #####: 1141:  if (toFlag == 1)
branch  0 never executed
branch  1 never executed
        -: 1142:    {
    #####: 1143:      state->deck[ player ][ state->deckCount[player] ] = supplyPos;
    #####: 1144:      state->deckCount[player]++;
        -: 1145:    }
    #####: 1146:  else if (toFlag == 2)
branch  0 never executed
branch  1 never executed
        -: 1147:    {
    #####: 1148:      state->hand[ player ][ state->handCount[player] ] = supplyPos;
    #####: 1149:      state->handCount[player]++;
        -: 1150:    }
        -: 1151:  else
        -: 1152:    {
    #####: 1153:      state->discard[player][ state->discardCount[player] ] = supplyPos;
    #####: 1154:      state->discardCount[player]++;
        -: 1155:    }
        -: 1156:	
        -: 1157:  //decrease number in supply pile
    #####: 1158:  state->supplyCount[supplyPos]--;
        -: 1159:	 
    #####: 1160:  return 0;
        -: 1161:}
        -: 1162:
function updateCoins called 8 returned 100% blocks executed 80%
        8: 1163:int updateCoins(int player, struct gameState *state, int bonus)
        -: 1164:{
        -: 1165:  int i;
        -: 1166:	
        -: 1167:  //reset coin count
        8: 1168:  state->coins = 0;
        -: 1169:
        -: 1170:  //add coins for each Treasure card in player's hand
       48: 1171:  for (i = 0; i < state->handCount[player]; i++)
branch  0 taken 83%
branch  1 taken 17% (fallthrough)
        -: 1172:    {
       40: 1173:      if (state->hand[player][i] == copper)
branch  0 taken 78% (fallthrough)
branch  1 taken 23%
        -: 1174:	{
       31: 1175:	  state->coins += 1;
        -: 1176:	}
        9: 1177:      else if (state->hand[player][i] == silver)
branch  0 taken 0% (fallthrough)
branch  1 taken 100%
        -: 1178:	{
    #####: 1179:	  state->coins += 2;
        -: 1180:	}
        9: 1181:      else if (state->hand[player][i] == gold)
branch  0 taken 0% (fallthrough)
branch  1 taken 100%
        -: 1182:	{
    #####: 1183:	  state->coins += 3;
        -: 1184:	}	
        -: 1185:    }	
        -: 1186:
        -: 1187:  //add bonus
        8: 1188:  state->coins += bonus;
        -: 1189:
        8: 1190:  return 0;
        -: 1191:}
        -: 1192:
        -: 1193://///////////* Card functions */////////////
function effectSmithy called 0 returned 0% blocks executed 0%
    #####: 1194:int effectSmithy(struct gameState *state, int handPos)
        -: 1195:{
        -: 1196:  //Get the current player from the state
    #####: 1197:  int currentPlayer = whoseTurn(state);
call    0 never executed
        -: 1198:
        -: 1199:  //declare loop counter
        -: 1200:  int i;
        -: 1201:
        -: 1202:  //Draw 3 cards
    #####: 1203:  for(i = 0; i < 3; ++i)
branch  0 never executed
branch  1 never executed
        -: 1204:  {
    #####: 1205:    drawCard(currentPlayer, state);
call    0 never executed
        -: 1206:  }
        -: 1207:
    #####: 1208:  return 0;
        -: 1209:}
        -: 1210:
function effectAdventurer called 0 returned 0% blocks executed 0%
    #####: 1211:int effectAdventurer(struct gameState *state, int handPos)
        -: 1212:{
        -: 1213:  //Get the current player from the state
    #####: 1214:  int currentPlayer = whoseTurn(state);
call    0 never executed
        -: 1215:
        -: 1216:  //declare integer counters
    #####: 1217:  int cardDrawn, drawnTreasure = 0, tempHandSize = 0;
        -: 1218:
        -: 1219:  int tempHand[MAX_HAND];
        -: 1220:
        -: 1221:  //Loop until we've drawn two treasure cards
    #####: 1222:  while(drawnTreasure < 2)
branch  0 never executed
branch  1 never executed
        -: 1223:  {
        -: 1224:    //If the deck is empty we need to shuffle our discard pile into it
    #####: 1225:    if(state->deckCount[currentPlayer] < 1)
branch  0 never executed
branch  1 never executed
        -: 1226:    {
    #####: 1227:      shuffle(currentPlayer, state);
call    0 never executed
        -: 1228:    }
        -: 1229:
        -: 1230:    //Draw a card
    #####: 1231:    drawCard(currentPlayer, state);
call    0 never executed
        -: 1232:
        -: 1233:    //Get the card drawn by looking at the top card in the hand
    #####: 1234:    cardDrawn = state->hand[currentPlayer][state->handCount[currentPlayer]--];
        -: 1235:
        -: 1236:    //If the card is a treasure card, increment drawnTreasure
    #####: 1237:    if(cardDrawn == copper || cardDrawn == silver || cardDrawn == gold)
branch  0 never executed
branch  1 never executed
branch  2 never executed
branch  3 never executed
branch  4 never executed
branch  5 never executed
        -: 1238:    {
    #####: 1239:      drawnTreasure++;
        -: 1240:    }
        -: 1241:    //otherwise put the card into a temporary hand and remove the card from the players hand
        -: 1242:    else
        -: 1243:    {
    #####: 1244:      tempHand[tempHandSize] = cardDrawn;
        -: 1245:
        -: 1246:      //remove the top most card
    #####: 1247:      state->handCount[currentPlayer]--;
        -: 1248:
        -: 1249:      //Increment the tempHandSize variable
    #####: 1250:      tempHandSize++;
        -: 1251:    }
        -: 1252:  }
        -: 1253:
        -: 1254:  //Clean up our temporary hand after we've drawn two treasure cards
    #####: 1255:  while(tempHandSize > 0) {
branch  0 never executed
branch  1 never executed
        -: 1256:    //Loop through the temphand and put them in the players discard pile
    #####: 1257:    state->discard[currentPlayer][state->discardCount[currentPlayer]++] = tempHand[tempHandSize-1];
    #####: 1258:    tempHandSize--;
        -: 1259:  }
        -: 1260:
        -: 1261:  //Discard the adventurer card
    #####: 1262:  discardCard(handPos, currentPlayer, state, 0);
call    0 never executed
    #####: 1263:  return 0;
        -: 1264:}
        -: 1265:
function effectCouncilRoom called 0 returned 0% blocks executed 0%
    #####: 1266:int effectCouncilRoom(struct gameState *state, int handPos)
        -: 1267:{
        -: 1268:  //Get the current player from the state
    #####: 1269:  int currentPlayer = whoseTurn(state);
call    0 never executed
        -: 1270:
        -: 1271:  //declare loop counter
        -: 1272:  int i;
        -: 1273:
        -: 1274:  //Draw 4 cards
    #####: 1275:  for(i = 0; i < 4; ++i)
branch  0 never executed
branch  1 never executed
        -: 1276:  {
    #####: 1277:    drawCard(currentPlayer, state);
call    0 never executed
        -: 1278:  }
        -: 1279:
        -: 1280:  //Increments numBuys by one
    #####: 1281:  state->numBuys++;
        -: 1282:
        -: 1283:  //Each other player draws a card, perform this action by looping through each player and calling drawCard(...)
    #####: 1284:  for(i = 0; i < state->numPlayers; ++i)
branch  0 never executed
branch  1 never executed
        -: 1285:  {
    #####: 1286:    drawCard(i, state);
call    0 never executed
        -: 1287:  }
        -: 1288:
        -: 1289:  //Discard the Council Room card
    #####: 1290:  discardCard(handPos, currentPlayer, state, 0);
call    0 never executed
        -: 1291:
    #####: 1292:  return 0;
        -: 1293:
        -: 1294:}
        -: 1295:
function effectGreatHall called 0 returned 0% blocks executed 0%
    #####: 1296:int effectGreatHall(struct gameState *state, int handPos) 
        -: 1297:{
        -: 1298:  //Get the current player from the state
    #####: 1299:  int currentPlayer = whoseTurn(state);
call    0 never executed
        -: 1300:
        -: 1301:  //Draw 1 card
    #####: 1302:  drawCard(currentPlayer, state);
call    0 never executed
        -: 1303:
        -: 1304:  //Increment actions by 1
    #####: 1305:  state->numActions++;
        -: 1306:
        -: 1307:  //Discard the Great Hall card
    #####: 1308:  discardCard(handPos, currentPlayer, state, 0);
call    0 never executed
    #####: 1309:  return 0;
        -: 1310:}
        -: 1311:
function effectCutpurse called 0 returned 0% blocks executed 0%
    #####: 1312:int effectCutpurse(struct gameState *state, int handPos)
        -: 1313:{
        -: 1314:  //Get the current player from the state
    #####: 1315:  int currentPlayer = whoseTurn(state);
call    0 never executed
        -: 1316:
        -: 1317:  //declare loop counters
        -: 1318:  int i, j, k;
        -: 1319:
        -: 1320:  //Update the current players coin count with 2 bonus coins
    #####: 1321:  updateCoins(currentPlayer, state, 2);
call    0 never executed
        -: 1322:
        -: 1323:  //Loop through each other player and if they have a copper card it should be discarded
        -: 1324:  //If they have no copper coins then their whole hand should be revealed
    #####: 1325:  for(i = 0; i < state->numPlayers; ++i)
branch  0 never executed
branch  1 never executed
        -: 1326:  {
    #####: 1327:    if(i != currentPlayer)
branch  0 never executed
branch  1 never executed
        -: 1328:    {
    #####: 1329:      for(j = 0; j < state->handCount[i]; ++j)
branch  0 never executed
branch  1 never executed
        -: 1330:      {
        -: 1331:        //If we found a copper, discard it and exit the loop
    #####: 1332:        if(state->hand[j][i] == copper)
branch  0 never executed
branch  1 never executed
        -: 1333:        {
    #####: 1334:          discardCard(j, i, state, 0);
call    0 never executed
    #####: 1335:          break;
        -: 1336:        }
        -: 1337:
    #####: 1338:        if(j == state->handCount[i])
branch  0 never executed
branch  1 never executed
        -: 1339:        {
    #####: 1340:          for(k = 0; k < state->handCount[i]; ++k)
branch  0 never executed
branch  1 never executed
        -: 1341:          {
    #####: 1342:            if(DEBUG)
        -: 1343:            {
        -: 1344:              printf("Player %d reveals card number %d\n", i, state->hand[i][k]);
        -: 1345:            }
    #####: 1346:            break;
        -: 1347:          }
        -: 1348:        }
        -: 1349:      }
        -: 1350:    }
        -: 1351:  }
        -: 1352:
        -: 1353:  //Discard the cutpurse card
    #####: 1354:  discardCard(handPos, currentPlayer, state, 0);
call    0 never executed
        -: 1355:
    #####: 1356:  return 0;
        -: 1357:}
        -: 1358:
        -: 1359://end of dominion.c
        -: 1360:
